         w __deregister_frame_info
         w __register_frame_info
         w userAppExit
         w userAppInit
00000000 00000802 B __ctru_dev_utf16_buf
00000000 A __sync_synchronize
00000000 b _TLS_MODULE_BASE_
00000000 a shift
00000000 a shift
00000804 00000401 B __ctru_dev_path_buf
00100000 A __start__
00100000 T _start
00100008 T __service_ptr
0010000c T __apt_appid
00100010 T __heap_size
00100014 T __linear_heap_size
00100018 T __system_arglist
0010001c T __system_runflags
00100020 t startup
00100058 t ClearMem
0010006c t ClrLoop
00100094 T _init
001000ac t .udivsi3_skip_div0_test
001000ac T __aeabi_uidiv
001000ac 000001ec T __udivsi3
00100298 00000020 T __aeabi_uidivmod
001002b8 T __aeabi_idiv
001002b8 00000220 T __divsi3
001002c0 t .divsi3_skip_div0_test
001004d8 00000020 T __aeabi_idivmod
001004f8 00000004 W __aeabi_idiv0
001004f8 00000004 W __aeabi_ldiv0
001004fc T __aeabi_drsub
00100504 000002b0 T __aeabi_dsub
00100504 000002b0 T __subdf3
00100508 000002ac T __adddf3
00100508 000002ac T __aeabi_dadd
001007b4 00000024 T __aeabi_ui2d
001007b4 00000024 T __floatunsidf
001007d8 00000028 T __aeabi_i2d
001007d8 00000028 T __floatsidf
00100800 00000048 T __aeabi_f2d
00100800 00000048 T __extendsfdf2
00100848 00000074 T __aeabi_ul2d
00100848 00000074 T __floatundidf
0010085c 00000060 T __aeabi_l2d
0010085c 00000060 T __floatdidf
001008bc T __aeabi_ldivmod
00100990 T __aeabi_uldivmod
001009e8 00000390 T strcmp
00100d70 t __do_global_dtors_aux
00100dc0 t frame_dummy
00100dec 00000384 T main
00101170 00000004 T platform_get_ticks
00101174 00000004 T nanoCLR_Cleanup
00101178 00000040 T HAL_Time_CurrentTime
001011b8 00000004 T HAL_Time_SysTicksToTime
001011bc 00000004 T Watchdog_Reset
001011c0 00000004 T RtosYield
001011c4 0000002c T CLR_Debug::Printf(char const*, ...)
001011f0 00000008 T CLR_HW_Hardware::CreateInstance()
001011f8 00000004 T CLR_HW_Hardware::PrepareForGC()
001011fc 00000004 T CLR_HW_Hardware::ProcessActivity()
00101200 00000008 T CLR_Messaging::CreateInstance()
00101208 00000008 T CLR_DBG_Debugger::CreateInstance()
00101210 00000004 T CLR_RT_HeapBlock_EndPoint::HandlerMethod_Initialize()
00101214 00000004 T CLR_RT_HeapBlock_NativeEventDispatcher::HandlerMethod_Initialize()
00101218 00000004 T CLR_RT_HeapBlock_EndPoint::HandlerMethod_RecoverFromGC()
0010121c 00000004 T CLR_RT_HeapBlock_NativeEventDispatcher::HandlerMethod_RecoverFromGC()
00101220 00000004 T CLR_RT_HeapBlock_WeakReference::Relocate()
00101224 00000004 T CLR_RT_HeapBlock_WeakReference::RecoverObjects(CLR_RT_DblLinkedList&)
00101228 00000004 T CLR_RT_DUMP::METHOD(CLR_RT_MethodDef_Index const&)
0010122c 00000004 T CLR_RT_DUMP::POST_PROCESS_EXCEPTION(CLR_RT_HeapBlock&)
00101230 00000060 T CLR_SafeSprintf(char*&, unsigned int&, char const*, ...)
00101290 00000008 T Library_corlib_native_System_Exception::CreateInstance(CLR_RT_HeapBlock&, CLR_RT_TypeDef_Index const&, int, CLR_RT_StackFrame*)
00101298 00000008 T Library_corlib_native_System_Exception::CreateInstance(CLR_RT_HeapBlock&, int, CLR_RT_StackFrame*)
001012a0 00000008 T Library_corlib_native_System_Exception::SetStackTrace(CLR_RT_HeapBlock&, CLR_RT_StackFrame*)
001012a8 00000084 T nanoCLR_Initialize
0010132c 00000010 T CLR_RT_DblLinkedList::DblLinkedList_Initialize()
0010133c 00000058 T CLR_RT_DblLinkedList::DblLinkedList_PushToCache()
00101394 00000024 T CLR_RT_DblLinkedList::Relocate()
001013b8 00000128 t CompareValues_Numeric(CLR_RT_HeapBlock const&, CLR_RT_HeapBlock const&, bool, int)
001014e0 0000007c t FixReflectionForType(CLR_RT_HeapBlock const&, CLR_RT_HeapBlock&)
0010155c 0000001c T CLR_RT_HeapBlock::InitializeToZero()
00101578 00000044 T CLR_RT_HeapBlock::SetReflection(CLR_RT_TypeSpec_Index const&)
001015bc 00000028 T CLR_RT_HeapBlock::SetReflection(CLR_RT_TypeDef_Index const&)
001015e4 00000028 T CLR_RT_HeapBlock::SetReflection(CLR_RT_FieldDef_Index const&)
0010160c 00000068 T CLR_RT_HeapBlock::SetReflection(CLR_RT_MethodDef_Index const&)
00101674 00000040 T CLR_RT_HeapBlock::SetObjectCls(CLR_RT_TypeDef_Index const&)
001016b4 00000070 T CLR_RT_HeapBlock::InitializeArrayReference(CLR_RT_HeapBlock&, int)
00101724 00000098 T CLR_RT_HeapBlock::FixArrayReferenceForValueTypes()
001017bc 000001c4 T CLR_RT_HeapBlock::LoadFromReference(CLR_RT_HeapBlock&)
00101980 000000a0 T CLR_RT_HeapBlock::AssignAndPinReferencedObject(CLR_RT_HeapBlock const&)
00101a20 00000144 T CLR_RT_HeapBlock::PerformBoxing(CLR_RT_TypeDef_Instance const&)
00101b64 00000120 T CLR_RT_HeapBlock::PerformUnboxing(CLR_RT_TypeDef_Instance const&)
00101c84 00000090 T CLR_RT_HeapBlock::FixBoxingReference()
00101d14 000001cc T CLR_RT_HeapBlock::StoreToReference(CLR_RT_HeapBlock&, int)
00101ee0 00000228 T CLR_RT_HeapBlock::Reassign(CLR_RT_HeapBlock const&)
00102108 00000080 T CLR_RT_HeapBlock::IsZero() const
00102188 00000074 T CLR_RT_HeapBlock::Promote()
001021fc 00000388 T CLR_RT_HeapBlock::Compare_Values(CLR_RT_HeapBlock const&, CLR_RT_HeapBlock const&, bool)
00102584 00000230 T CLR_RT_HeapBlock::ObjectsEqual(CLR_RT_HeapBlock const&, CLR_RT_HeapBlock const&, bool)
001027b4 000000f8 T CLR_RT_HeapBlock::NumericAdd(CLR_RT_HeapBlock const&)
001028ac 000000f8 T CLR_RT_HeapBlock::NumericSub(CLR_RT_HeapBlock const&)
001029a4 000000c4 T CLR_RT_HeapBlock::NumericMul(CLR_RT_HeapBlock const&)
00102a68 0000013c T CLR_RT_HeapBlock::NumericDiv(CLR_RT_HeapBlock const&)
00102ba4 000000ec T CLR_RT_HeapBlock::NumericDivUn(CLR_RT_HeapBlock const&)
00102c90 0000016c T CLR_RT_HeapBlock::NumericRem(CLR_RT_HeapBlock const&)
00102dfc 000000ec T CLR_RT_HeapBlock::NumericRemUn(CLR_RT_HeapBlock const&)
00102ee8 00000070 T CLR_RT_HeapBlock::NumericShl(CLR_RT_HeapBlock const&)
00102f58 000000c0 T CLR_RT_HeapBlock::NumericShr(CLR_RT_HeapBlock const&)
00103018 00000070 T CLR_RT_HeapBlock::NumericShrUn(CLR_RT_HeapBlock const&)
00103088 00000090 T CLR_RT_HeapBlock::NumericNeg()
00103118 00000058 T CLR_RT_HeapBlock::Relocate__HeapBlock()
00103170 00000008 T CLR_RT_HeapBlock::Relocate_String()
00103178 00000008 T CLR_RT_HeapBlock::Relocate_Obj()
00103180 00000024 T CLR_RT_HeapBlock::Relocate_Cls()
001031a4 00000008 T CLR_RT_HeapBlock::Relocate_Ref()
001031ac 00000008 T CLR_RT_HeapBlock::Relocate_ArrayRef()
001031b4 000000ec T CLR_RT_HeapBlock_Array::ClearElements(int, int)
001032a0 000000e4 T CLR_RT_HeapBlock_Array::CreateInstance(CLR_RT_HeapBlock&, unsigned int, CLR_RT_ReflectionDef_Index const&)
00103384 00000030 T CLR_RT_HeapBlock_Array::CreateInstance(CLR_RT_HeapBlock&, unsigned int, CLR_RT_TypeDef_Index const&)
001033b4 00000094 T CLR_RT_HeapBlock_Array::CreateInstance(CLR_RT_HeapBlock&, unsigned int, CLR_RT_Assembly*, unsigned int)
00103448 00000018 T CLR_RT_HeapBlock_Array::Relocate()
00103460 00000048 T CLR_RT_HeapBlock_BinaryBlob::Allocate(unsigned int, unsigned int)
001034a8 00000024 T CLR_RT_HeapBlock_BinaryBlob::Release(bool)
001034cc 00000010 T CLR_RT_HeapBlock_BinaryBlob::Relocate()
001034dc 00000074 T CLR_RT_HeapBlock_Delegate::CreateInstance(CLR_RT_HeapBlock&, CLR_RT_MethodDef_Index const&, CLR_RT_StackFrame*)
00103550 00000008 T CLR_RT_HeapBlock_Delegate::Relocate()
00103558 0000000c T CLR_RT_HeapBlock_Delegate_List::Relocate()
00103564 0000010c T CLR_RT_HeapBlock_Finalizer::CreateInstance(CLR_RT_HeapBlock*, CLR_RT_TypeDef_Instance const&)
00103670 00000008 T CLR_RT_HeapBlock_Finalizer::Relocate()
00103678 00000034 t CLR_RT_DblLinkedList::ExtractFirstNode() [clone .isra.0]
001036ac 00000054 t CLR_RT_DblLinkedList::InsertAfterNode(CLR_RT_HeapBlock_Node*, CLR_RT_HeapBlock_Node*) [clone .isra.0]
00103700 00000050 t CLR_RT_DblLinkedList::InsertBeforeNode(CLR_RT_HeapBlock_Node*, CLR_RT_HeapBlock_Node*) [clone .isra.0]
00103750 000000ac T CLR_RT_HeapBlock_Lock::CreateInstance(CLR_RT_HeapBlock_Lock*&, CLR_RT_Thread*, CLR_RT_HeapBlock&)
001037fc 000000a8 T CLR_RT_HeapBlock_Lock::IncrementOwnership(CLR_RT_HeapBlock_Lock*, CLR_RT_SubThread*, long long const&, bool)
001038a4 000000ec T CLR_RT_HeapBlock_Lock::ChangeOwner()
00103990 00000078 T CLR_RT_HeapBlock_Lock::DestroyOwner(CLR_RT_SubThread*)
00103a08 000000a8 T CLR_RT_HeapBlock_Lock::DecrementOwnership(CLR_RT_HeapBlock_Lock*, CLR_RT_SubThread*)
00103ab0 00000010 T CLR_RT_HeapBlock_Lock::Relocate()
00103ac0 00000004 T CLR_RT_HeapBlock_Lock::Relocate_Owner()
00103ac4 000000b0 T CLR_RT_HeapBlock_LockRequest::CreateInstance(CLR_RT_HeapBlock_Lock*, CLR_RT_SubThread*, long long const&, bool)
00103b74 0000001c T CLR_RT_HeapBlock_Node::Relocate()
00103b90 00000064 T CLR_RT_HeapBlock_String::CreateInstance(CLR_RT_HeapBlock&, unsigned int, CLR_RT_Assembly*)
00103bf4 000000cc T CLR_RT_HeapBlock_Timer::ThreadTerminationCallback(void*)
00103cc0 00000020 T CLR_RT_HeapBlock_Timer::RecoverFromGC()
00103ce0 00000024 T CLR_RT_HeapBlock_Timer::Trigger()
00103d04 000000e0 T CLR_RT_HeapBlock_Timer::SpawnTimer(CLR_RT_Thread*)
00103de4 00000108 T CLR_RT_HeapBlock_WaitForObject::TryWaitForSignal(CLR_RT_Thread*, CLR_RT_HeapBlock*, unsigned int, bool)
00103eec 00000078 T CLR_RT_HeapBlock_WaitForObject::SignalObject(CLR_RT_HeapBlock&)
00103f64 0000000c T CLR_RT_HeapBlock_WaitForObject::Relocate()
00103f70 00000104 T CLR_RT_HeapCluster::ExtractBlocks(unsigned int, unsigned int, unsigned int)
00104074 000000d4 T CLR_RT_HeapCluster::RecoverFromGC()
00104148 0000018c T CLR_RT_HeapCluster::HeapCluster_Initialize(unsigned int, unsigned int)
001042d4 000000f4 T CLR_RT_HeapCluster::InsertInOrder(CLR_RT_HeapBlock_Node*, unsigned int)
001043c8 00000034 T CLR_RT_Memory::Release(void*)
001043fc 00000050 T CLR_RT_Memory::Allocate(unsigned int, unsigned int)
0010444c 00000008 T CLR_RT_ObjectToEvent_Destination::Initialize()
00104454 0000002c T CLR_RT_ObjectToEvent_Destination::CheckAll()
00104480 0000003c T CLR_RT_ObjectToEvent_Destination::SignalAll()
001044bc 00000050 T CLR_RT_ObjectToEvent_Destination::DetachAll()
0010450c 00000024 T CLR_RT_ObjectToEvent_Destination::IsReadyForRelease()
00104530 00000040 T CLR_RT_ObjectToEvent_Destination::ReleaseWhenDead()
00104570 00000040 T CLR_RT_ObjectToEvent_Source::EnsureObjectIsAlive()
001045b0 00000028 T CLR_RT_ObjectToEvent_Source::Detach()
001045d8 0000001c T CLR_RT_ObjectToEvent_Source::Relocate()
001045f4 0000000c T LinkArraySize()
00104600 0000000c T LinkMRUArraySize()
0010460c 00000008 T PayloadArraySize()
00104614 00000008 T InlineBufferCount()
0010461c 00000274 T CLR_RT_StackFrame::Push(CLR_RT_Thread*, CLR_RT_MethodDef_Instance const&, int)
00104890 00000224 T CLR_RT_StackFrame::PushInline(unsigned char const*&, CLR_RT_Assembly*&, CLR_RT_HeapBlock*&, CLR_RT_MethodDef_Instance&, CLR_RT_HeapBlock*)
00104ab4 00000068 T CLR_RT_StackFrame::RestoreFromInlineStack()
00104b1c 0000007c T CLR_RT_StackFrame::PopInline()
00104b98 00000064 T CLR_RT_StackFrame::RestoreStack(CLR_RT_InlineFrame&)
00104bfc 0000004c T CLR_RT_StackFrame::SaveStack(CLR_RT_InlineFrame&)
00104c48 000001bc T CLR_RT_StackFrame::FixCall()
00104e04 000001c8 T CLR_RT_StackFrame::MakeCall(CLR_RT_MethodDef_Instance, CLR_RT_HeapBlock*, CLR_RT_HeapBlock*, int)
00104fd0 00000124 T CLR_RT_StackFrame::HandleSynchronized(bool, bool)
001050f4 000001c4 T CLR_RT_StackFrame::Pop()
001052b8 0000014c T CLR_RT_StackFrame::Relocate()
00105404 000000ac T CLR_RT_EventCache::VirtualMethodTable::Initialize()
001054b0 00000050 T CLR_RT_EventCache::VirtualMethodTable::MoveEntryToTop(CLR_RT_EventCache::Link*, unsigned int, unsigned int)
00105500 0000016c T CLR_RT_EventCache::VirtualMethodTable::FindVirtualMethod(CLR_RT_TypeDef_Index const&, CLR_RT_MethodDef_Index const&, CLR_RT_MethodDef_Index&)
0010566c 00000088 T CLR_RT_EventCache::EventCache_Initialize()
001056f4 00000078 T CLR_RT_EventCache::EventCache_Cleanup()
0010576c 00000064 T CLR_RT_EventCache::Append_Node(CLR_RT_HeapBlock*)
001057d0 00000170 T CLR_RT_EventCache::Extract_Node_Slow(unsigned int, unsigned int, unsigned int)
00105940 00000070 T CLR_RT_EventCache::Extract_Node_Fast(unsigned int, unsigned int, unsigned int)
001059b0 00000054 T CLR_RT_EventCache::Extract_Node_Bytes(unsigned int, unsigned int, unsigned int)
00105a04 00000040 T CLR_RT_EventCache::Extract_Node(unsigned int, unsigned int, unsigned int)
00105a44 00000008 T CLR_RT_EventCache::FindVirtualMethod(CLR_RT_TypeDef_Index const&, CLR_RT_MethodDef_Index const&, CLR_RT_MethodDef_Index&)
00105a4c 00000028 T CLR_RT_EventCache::GetInlineFrameBuffer(CLR_RT_InlineBuffer**)
00105a74 00000018 T CLR_RT_EventCache::FreeInlineBuffer(CLR_RT_InlineBuffer*)
00105a8c 0000003c T CLR_Checks::VerifyArrayReference(CLR_RT_HeapBlock&)
00105ac8 00000008 T CLR_Checks::VerifyUnknownInstruction(CLR_OPCODE)
00105ad0 00000008 T CLR_Checks::VerifyUnsupportedInstruction(CLR_OPCODE)
00105ad8 000000dc T CLR_RT_ExecutionEngine::AllocateHeaps()
00105bb8 00000108 T CLR_RT_ExecutionEngine::ExecutionEngine_Initialize()
00105cc0 00000024 T CLR_RT_ExecutionEngine::CreateInstance()
00105ce4 00000030 T CLR_RT_ExecutionEngine::ExecutionConstraint_Suspend()
00105d14 0000005c T CLR_RT_ExecutionEngine::ExecutionConstraint_Resume()
00105d70 00000050 T CLR_RT_ExecutionEngine::PerformHeapCompaction()
00105dc0 00000024 T CLR_RT_ExecutionEngine::Relocate()
00105de4 0000008c T CLR_RT_ExecutionEngine::WaitForDebugger()
00105e70 000000bc T CLR_RT_ExecutionEngine::SpawnStaticConstructorHelper(CLR_RT_Assembly*, CLR_RT_MethodDef_Index const&)
00105f2c 000000d0 t CLR_RT_ExecutionEngine::SpawnStaticConstructor(CLR_RT_Thread*&) [clone .part.0]
00106000 0000011c T CLR_RT_ExecutionEngine::InsertThreadRoundRobin(CLR_RT_DblLinkedList&, CLR_RT_Thread*)
0010611c 000000bc T CLR_RT_ExecutionEngine::PutInProperList(CLR_RT_Thread*)
001061d8 000000a4 T CLR_RT_ExecutionEngine::StaticConstructorTerminationCallback(void*)
0010627c 000000a0 T CLR_RT_ExecutionEngine::SpawnStaticConstructor(CLR_RT_Thread*&)
0010631c 0000011c T CLR_RT_ExecutionEngine::SpawnFinalizer()
00106438 0000000c T CLR_RT_ExecutionEngine::FinalizerTerminationCallback(void*)
00106444 000000fc T CLR_RT_ExecutionEngine::SpawnTimer()
00106540 000001fc T CLR_RT_ExecutionEngine::ExtractHeapBlocks(CLR_RT_DblLinkedList&, unsigned int, unsigned int, unsigned int)
0010673c 000000a4 T CLR_RT_ExecutionEngine::ExtractHeapBlocksForArray(CLR_RT_TypeDef_Instance&, unsigned int, CLR_RT_ReflectionDef_Index const&)
001067e0 00000054 T CLR_RT_ExecutionEngine::ExtractHeapBlocksForClassOrValueTypes(unsigned int, unsigned int, CLR_RT_TypeDef_Index const&, unsigned int)
00106834 00000048 T CLR_RT_ExecutionEngine::ExtractHeapBlocksForEvents(unsigned int, unsigned int, unsigned int)
0010687c 00000048 T CLR_RT_ExecutionEngine::ExtractHeapBytesForObjects(unsigned int, unsigned int, unsigned int)
001068c4 00000054 T CLR_RT_ExecutionEngine::AccessStaticField(CLR_RT_FieldDef_Index const&)
00106918 00000240 T CLR_RT_ExecutionEngine::NewObject(CLR_RT_HeapBlock&, CLR_RT_TypeDef_Instance const&)
00106b58 000000c4 T CLR_RT_ExecutionEngine::InitializeReference(CLR_RT_HeapBlock&, CLR_RT_SignatureParser&)
00106c1c 000002c8 T CLR_RT_ExecutionEngine::InitializeLocals(CLR_RT_HeapBlock*, CLR_RT_Assembly*, CLR_RECORD_METHODDEF const*)
00106ee4 00000044 T CLR_RT_ExecutionEngine::NewObjectFromIndex(CLR_RT_HeapBlock&, CLR_RT_TypeDef_Index const&)
00106f28 000000d0 T CLR_RT_ExecutionEngine::InitializeReference(CLR_RT_HeapBlock&, CLR_RECORD_FIELDDEF const*, CLR_RT_Assembly*)
00106ff8 000000a4 T CLR_RT_ExecutionEngine::CopyValueType(CLR_RT_HeapBlock*, CLR_RT_HeapBlock const*)
0010709c 00000110 T CLR_RT_ExecutionEngine::CloneObject(CLR_RT_HeapBlock&, CLR_RT_HeapBlock const&)
001071ac 000000f4 T CLR_RT_ExecutionEngine::FindLockObject(CLR_RT_HeapBlock&)
001072a0 000000c8 T CLR_RT_ExecutionEngine::DeleteLockRequests(CLR_RT_Thread*, CLR_RT_SubThread*, CLR_RT_DblLinkedList&)
00107368 0000005c T CLR_RT_ExecutionEngine::DeleteLockRequests(CLR_RT_Thread*, CLR_RT_SubThread*)
001073c4 00000014 T CLR_RT_ExecutionEngine::InvalidateTimerCache()
001073d8 000000ac T CLR_RT_ExecutionEngine::CheckTimers(long long&)
00107484 000002d8 T CLR_RT_ExecutionEngine::CheckThreads(long long&, CLR_RT_DblLinkedList&)
0010775c 00000144 T CLR_RT_ExecutionEngine::ProcessTimer()
001078a0 000001d4 T CLR_RT_ExecutionEngine::ScheduleThreads(int)
00107a74 000000dc T CLR_RT_ExecutionEngine::WaitForActivity()
00107b50 00000224 T CLR_RT_ExecutionEngine::Execute(wchar_t*, int)
00107d74 00000060 T CLR_RT_ExecutionEngine::LockObject(CLR_RT_HeapBlock&, CLR_RT_SubThread*, long long const&, bool)
00107dd4 00000020 T CLR_RT_ExecutionEngine::UnlockObject(CLR_RT_HeapBlock&, CLR_RT_SubThread*)
00107df4 000001a8 T CLR_RT_ExecutionEngine::IsInstanceOf(CLR_RT_TypeDescriptor&, CLR_RT_TypeDescriptor&, bool)
00107f9c 00000058 T CLR_RT_ExecutionEngine::IsInstanceOf(CLR_RT_HeapBlock&, CLR_RT_TypeDef_Index const&)
00107ff4 000000cc T CLR_RT_ExecutionEngine::IsInstanceOf(CLR_RT_HeapBlock&, CLR_RT_Assembly*, unsigned int, bool)
001080c0 00000078 T CLR_RT_ExecutionEngine::CastToType(CLR_RT_HeapBlock&, unsigned int, CLR_RT_Assembly*, bool)
00108138 00000044 T CLR_RT_ProtectFromGC::Initialize(CLR_RT_HeapBlock&)
0010817c 0000002c T CLR_RT_ProtectFromGC::Initialize(void**, void (*)(void*))
001081a8 0000002c T CLR_RT_ProtectFromGC::Cleanup()
001081d4 00000064 T CLR_RT_ProtectFromGC::InvokeAll()
00108238 000000a0 T CLR_RT_GarbageCollector::MarkSlow()
001082d8 000000b4 T CLR_RT_GarbageCollector::MarkWeak()
0010838c 00000184 T CLR_RT_GarbageCollector::CheckMemoryPressure()
00108510 00000060 T CLR_RT_GarbageCollector::Assembly_Mark()
00108570 000001d4 T CLR_RT_GarbageCollector::Thread_Mark(CLR_RT_Thread*)
00108744 000002a8 T CLR_RT_GarbageCollector::Mark()
001089ec 000000b4 T CLR_RT_GarbageCollector::RecoverEventsFromGC()
00108aa0 000000c0 T CLR_RT_GarbageCollector::Sweep()
00108b60 000000d4 T CLR_RT_GarbageCollector::ExecuteGarbageCollection()
00108c34 000000c0 T CLR_RT_GarbageCollector::Heap_Relocate_Pass(bool (*)(void**))
00108cf4 0000006c T CLR_RT_GarbageCollector::Heap_Relocate()
00108d60 00000390 T CLR_RT_GarbageCollector::Heap_Compact()
001090f0 0000002c T CLR_RT_GarbageCollector::ExecuteCompaction()
0010911c 00000084 T CLR_RT_GarbageCollector::Heap_Relocate(CLR_RT_HeapBlock*, unsigned int)
001091a0 0000007c T CLR_RT_GarbageCollector::Heap_Relocate(void**)
0010921c 00000028 T CLR_RT_GarbageCollector::MarkStack::Initialize(CLR_RT_GarbageCollector::MarkStackElement*, unsigned int)
00109244 000002e0 T CLR_RT_GarbageCollector::ComputeReachabilityGraphForMultipleBlocks(CLR_RT_HeapBlock*, unsigned int)
00109524 00000028 T CLR_RT_GarbageCollector::ComputeReachabilityGraphForSingleBlock(CLR_RT_HeapBlock**)
0010954c 000000dc T CLR_RT_HeapBlock::InitObject()
00109628 000002d4 T CLR_RT_HeapBlock::Convert_Internal(CLR_DataType)
001098fc 0000007c T CLR_RT_Thread::PushEH()
00109978 00000070 T CLR_RT_Thread::PopEH_Inner(CLR_RT_StackFrame*, unsigned char const*)
001099e8 0000035c T CLR_RT_Thread::FindEhBlock(CLR_RT_StackFrame*, unsigned char const*, unsigned char const*, CLR_RT_ExceptionHandler&, bool)
00109d44 00000234 T CLR_RT_Thread::Execute_Inner()
00109f78 000000e0 T CLR_RT_Thread::Execute()
0010a058 0000016c T CLR_RT_Thread::Execute_DelegateInvoke(CLR_RT_StackFrame&)
0010a1c4 00002330 T CLR_RT_Thread::Execute_IL(CLR_RT_StackFrame&)
0010c4f4 0000004c T CLR_RT_Assembly::GetString(unsigned short)
0010c540 00000010 T CLR_RT_Thread::ProtectFromGCCallback(void*)
0010c550 000000ac T CLR_RT_SubThread::CreateInstance(CLR_RT_Thread*, CLR_RT_StackFrame*, int, CLR_RT_SubThread*&)
0010c5fc 000000c4 T CLR_RT_SubThread::DestroyInstance(CLR_RT_Thread*, CLR_RT_SubThread*, int)
0010c6c0 00000054 T CLR_RT_SubThread::ChangeLockRequestCount(int)
0010c714 00000018 T CLR_RT_Thread::BringExecCounterToDate(int)
0010c72c 0000002c T CLR_RT_Thread::CanThreadBeReused()
0010c758 000000a0 T CLR_RT_Thread::PushThreadProcDelegate(CLR_RT_HeapBlock_Delegate*)
0010c7f8 0000012c T CLR_RT_Thread::CreateInstance(int, int, CLR_RT_Thread*&, unsigned int)
0010c924 00000044 T CLR_RT_Thread::CreateInstance(int, CLR_RT_HeapBlock_Delegate*, int, CLR_RT_Thread*&, unsigned int)
0010c968 00000094 T CLR_RT_Thread::ReleaseWhenDeadEx()
0010c9fc 00000040 T CLR_RT_Thread::Restart(bool)
0010ca40 0000010c T CLR_RT_Thread::Passivate()
0010cb4c 00000058 T CLR_RT_Thread::DestroyInstance()
0010cba4 00000004 T CLR_RT_Thread::RecoverFromGC()
0010cba8 00000084 T CLR_RT_Thread::Relocate()
0010cc2c 0000005c T CLR_RT_Thread::ProcessException_FilterPseudoFrameCopyVars(CLR_RT_StackFrame*, CLR_RT_StackFrame*)
0010cc88 000002fc T CLR_RT_Thread::ProcessException_Phase1()
0010cf84 00000240 T CLR_RT_Thread::ProcessException_Phase2()
0010d1c4 000000c8 T CLR_RT_Thread::ProcessException()
0010d28c 0000009c T CLR_RT_Thread::ProcessException_EndFilter()
0010d328 000000e4 T CLR_RT_Thread::ProcessException_EndFinally()
0010d40c 00000010 T CLR_RT_ReflectionDef_Index::InitializeFromHash(unsigned int)
0010d41c 00000038 T CLR_RT_SignatureParser::Initialize_TypeSpec(CLR_RT_Assembly*, CLR_RECORD_TYPESPEC const*)
0010d454 0000004c T CLR_RT_SignatureParser::Initialize_Interfaces(CLR_RT_Assembly*, CLR_RECORD_TYPEDEF const*)
0010d4a0 0000003c T CLR_RT_SignatureParser::Initialize_FieldDef(CLR_RT_Assembly*, CLR_RECORD_FIELDDEF const*)
0010d4dc 00000044 T CLR_RT_SignatureParser::Initialize_MethodSignature(CLR_RT_Assembly*, CLR_RECORD_METHODDEF const*)
0010d520 00000074 T CLR_RT_TypeSpec_Instance::ResolveToken(unsigned int, CLR_RT_Assembly*)
0010d594 00000068 T CLR_RT_TypeDef_Instance::InitializeFromIndex(CLR_RT_TypeDef_Index const&)
0010d5fc 0000007c T CLR_RT_TypeDef_Instance::InitializeFromMethod(CLR_RT_MethodDef_Instance const&)
0010d678 000000c4 T CLR_RT_TypeDef_Instance::ResolveToken(unsigned int, CLR_RT_Assembly*)
0010d73c 000000c0 T CLR_RT_TypeDef_Instance::SwitchToParent()
0010d7fc 00000028 T CLR_RT_TypeDef_Instance::HasFinalizer() const
0010d824 00000064 T CLR_RT_FieldDef_Instance::InitializeFromIndex(CLR_RT_FieldDef_Index const&)
0010d888 000000b0 T CLR_RT_FieldDef_Instance::ResolveToken(unsigned int, CLR_RT_Assembly*)
0010d938 00000064 T CLR_RT_MethodDef_Instance::InitializeFromIndex(CLR_RT_MethodDef_Index const&)
0010d99c 000000b0 T CLR_RT_MethodDef_Instance::ResolveToken(unsigned int, CLR_RT_Assembly*)
0010da4c 000000a8 T CLR_RT_TypeDescriptor::InitializeFromDataType(CLR_DataType)
0010daf4 00000104 T CLR_RT_TypeDescriptor::InitializeFromType(CLR_RT_TypeDef_Index const&)
0010dbf8 000002e0 T CLR_RT_TypeDescriptor::InitializeFromObject(CLR_RT_HeapBlock const&)
0010ded8 00000060 T CLR_RT_TypeDescriptor::GetElementType(CLR_RT_TypeDescriptor&)
0010df38 0000004c T CLR_RT_TypeDescriptor::ExtractObjectAndDataType(CLR_RT_HeapBlock*&, CLR_DataType&)
0010df84 000000c8 T CLR_RT_TypeDescriptor::ExtractTypeIndexFromObject(CLR_RT_HeapBlock const&, CLR_RT_TypeDef_Index&)
0010e04c 0000007c T CLR_RECORD_ASSEMBLY::GoodHeader() const
0010e0c8 0000001c T CLR_RECORD_EH::ExtractEhFromByteCode(unsigned char const*, CLR_RECORD_EH const*&, unsigned int&)
0010e0e4 0000010c T CLR_RT_ExceptionHandler::ConvertFromEH(CLR_RT_MethodDef_Instance const&, unsigned char const*, CLR_RECORD_EH const*)
0010e1f0 000000f0 T CLR_RT_Assembly::Assembly_Initialize(CLR_RT_Assembly::Offsets&)
0010e2e0 000004b0 T CLR_RT_Assembly::CreateInstance(CLR_RECORD_ASSEMBLY const*, CLR_RT_Assembly*&)
0010e790 000001f4 T CLR_RT_Assembly::Resolve_Link()
0010e984 000000e4 T CLR_RT_Assembly::Resolve_MethodDef()
0010ea68 0000009c T CLR_RT_Assembly::Resolve_AllocateStaticFields(CLR_RT_HeapBlock*)
0010eb04 000000bc T CLR_RT_Assembly::PrepareForExecution()
0010ebc0 000000c8 T CLR_RT_Assembly::FindTypeDef(char const*, char const*, CLR_RT_TypeDef_Index&)
0010ec88 00000094 T CLR_RT_Assembly::FindTypeDef(char const*, unsigned short, CLR_RT_TypeDef_Index&)
0010ed1c 00000148 T CLR_RT_Assembly::Resolve_TypeRef()
0010ee64 00000088 T CLR_RT_Assembly::Resolve_TypeDef()
0010eeec 00000070 T CLR_RT_Assembly::FindMethodBoundaries(unsigned short, unsigned short&, unsigned short&)
0010ef5c 00000068 T CLR_RT_Assembly::FindNextStaticConstructor(CLR_RT_MethodDef_Index&)
0010efc4 00000034 T CLR_RT_Assembly::Relocate()
0010eff8 00000030 T CLR_RT_TypeSystem::TypeSystem_Initialize()
0010f028 00000094 T CLR_RT_TypeSystem::Link(CLR_RT_Assembly*)
0010f0bc 000000b8 T CLR_RT_TypeSystem::FindAssembly(char const*, CLR_RECORD_VERSION const*, bool)
0010f174 00000110 T CLR_RT_Assembly::Resolve_AssemblyRef(bool)
0010f284 0000009c T CLR_RT_TypeSystem::FindTypeDef(unsigned int, CLR_RT_TypeDef_Index&)
0010f320 000000dc T CLR_RT_TypeDef_Instance::InitializeFromReflection(CLR_RT_ReflectionDef_Index const&, unsigned int*)
0010f3fc 00000100 T CLR_RT_TypeDescriptor::InitializeFromReflection(CLR_RT_ReflectionDef_Index const&)
0010f4fc 000003ac T CLR_RT_SignatureParser::Advance(CLR_RT_SignatureParser::Element&)
0010f8a8 000000d4 T CLR_RT_TypeDescriptor::InitializeFromSignatureParser(CLR_RT_SignatureParser&)
0010f97c 0000007c T CLR_RT_TypeDescriptor::InitializeFromTypeSpec(CLR_RT_TypeSpec_Index const&)
0010f9f8 00000068 T CLR_RT_TypeSystem::PrepareForExecutionHelper(char const*)
0010fa60 000000cc T CLR_RT_TypeSystem::PrepareForExecution()
0010fb2c 00000150 T CLR_RT_TypeSystem::MatchSignatureDirect(CLR_RT_SignatureParser&, CLR_RT_SignatureParser&, bool)
0010fc7c 00000160 T CLR_RT_Assembly::FindMethodDef(CLR_RECORD_TYPEDEF const*, char const*, CLR_RT_Assembly*, unsigned short, CLR_RT_MethodDef_Index&)
0010fddc 000001e0 T CLR_RT_Assembly::Resolve_MethodRef()
0010ffbc 0000013c t local_FindFieldDef(CLR_RT_Assembly*, unsigned int, unsigned int, char const*, CLR_RT_Assembly*, unsigned short, CLR_RT_FieldDef_Index&)
001100f8 0000008c T CLR_RT_Assembly::FindFieldDef(CLR_RECORD_TYPEDEF const*, char const*, CLR_RT_Assembly*, unsigned short, CLR_RT_FieldDef_Index&)
00110184 00000100 T CLR_RT_Assembly::Resolve_FieldRef()
00110284 000001b8 T CLR_RT_TypeSystem::BuildTypeName(CLR_RT_TypeDef_Index const&, char*&, unsigned int&, unsigned int, unsigned int)
0011043c 00000024 T CLR_RT_TypeSystem::BuildTypeName(CLR_RT_TypeDef_Index const&, char*&, unsigned int&)
00110460 00000370 T CLR_RT_Assembly::Resolve_ComputeHashes()
001107d0 000004d0 T CLR_RT_TypeSystem::ResolveAll()
00110ca0 00000210 T CLR_RT_TypeSystem::FindVirtualMethodDef(CLR_RT_TypeDef_Index const&, CLR_RT_MethodDef_Index const&, char const*, CLR_RT_MethodDef_Index&)
00110eb0 00000164 T CLR_RT_TypeSystem::FindVirtualMethodDef(CLR_RT_TypeDef_Index const&, CLR_RT_MethodDef_Index const&, CLR_RT_MethodDef_Index&)
00111014 00000038 W SUPPORT_ComputeCRC
0011104c 000001c8 T consoleDrawChar
00111214 00000170 T consolePrintChar
00111384 00000cc8 T con_write
0011204c 000000fc t newRow
00112148 00000180 T consoleInit
001122c8 000000cc t gfxPresentFramebuffer
00112394 0000001c T gfxIsWide
001123b0 000000f8 T gfxSetScreenFormat
001124a8 00000010 T gfxSetDoubleBuffering
001124b8 000000d8 T gfxInit
00112590 00000010 T gfxInitDefault
001125a0 000000b8 T gfxExit
00112658 000000a0 T gfxGetFramebuffer
001126f8 00000100 T gfxFlushBuffers
001127f8 00000050 T gfxSwapBuffers
00112848 00000050 T gfxSwapBuffersGpu
00112898 00000054 T osGetTimeRef
001128ec 000000ec T osGetTime
001129d8 00000034 T __ctru_speedup_config
00112a0c 00000180 t aptConvertScreenForCapture
00112b8c 00000008 W aptDspSleep
00112b94 00000004 W aptDspWakeup
00112b98 00000004 W aptDspCancel
00112b9c 00000138 T aptSendCommand
00112cd8 00000044 t aptExitProcess
00112d1c 00000394 T aptExit
001130b0 000000d8 T aptHandleSleep
00113188 00000084 T APT_SleepIfShellClosed
0011320c 00000078 T aptSetSleepAllowed
00113284 00000084 T APT_UnlockTransition
00113308 00000470 t aptEventHandler
00113778 000000bc T APT_ReceiveParameter
00113834 000000b0 t aptReceiveParameter.constprop.0
001138e8 00000294 t aptScreenTransfer
00113b7c 000002d0 t aptWaitForWakeUp.isra.0
00113e4c 000000f4 T aptJumpToHomeMenu
00113f40 00000058 T aptMainLoop
00113f98 00000240 T aptInit
001141d8 00000090 T APT_CheckNew3DS
00114268 00000c70 t gspHardwareInit
00114ed8 00000288 T gspInit
00115160 00000104 T gspExit
00115264 00000010 T gspHasGpuRight
00115274 000000a4 T gspPresentBuffer
00115318 00000050 T gspWaitForEvent
00115368 00000004 W gxCmdQueueInterrupt
0011536c 00000154 t gspEventThreadMain
001154c0 00000050 T GSPGPU_FlushDataCache
00115510 00000034 T GSPGPU_SetLcdForceBlack
00115544 00000084 T GSPGPU_AcquireRight
001155c8 00000064 T GSPGPU_ReleaseRight
0011562c 0000007c T GSPGPU_ImportDisplayCaptureInfo
001156a8 0000002c T GSPGPU_SaveVramSysArea
001156d4 0000002c T GSPGPU_RestoreVramSysArea
00115700 00000024 W hidShouldUseIrrst
00115724 000001cc T hidInit
001158f0 000000e8 T hidExit
001159d8 000002a0 T hidScanInput
00115c78 00000010 T hidKeysDown
00115c88 000001a4 T irrstInit
00115e2c 000000dc T irrstExit
00115f08 000000b4 T irrstScanInput
00115fbc 00000024 T irrstKeysHeld
00115fe0 00000078 T ptmSysmInit
00116058 0000003c T ptmSysmExit
00116094 00000034 T PTMSYSM_ConfigureNew3DSCPU
001160c8 00000038 W __libctru_init
00116100 0000016c W __system_initArgv
0011626c 00000030 T __syscall_getreent
0011629c 00000004 T __syscall_lock_acquire
001162a0 00000004 T __syscall_lock_release
001162a4 00000004 T __syscall_lock_acquire_recursive
001162a8 00000004 T __syscall_lock_release_recursive
001162ac 00000004 T __syscall_exit
001162b0 00000054 T initThreadVars
00116304 00000080 T __system_initSyscalls
00116384 T svcControlMemory
001163a4 T svcQueryMemory
001163d4 T svcExitProcess
001163dc T svcCreateThread
001163fc T svcExitThread
00116404 T svcSleepThread
0011640c T svcReleaseMutex
00116414 T svcCreateEvent
00116428 T svcSignalEvent
00116430 T svcClearEvent
00116438 T svcMapMemoryBlock
00116440 T svcUnmapMemoryBlock
00116448 T svcCreateAddressArbiter
0011645c T svcArbitrateAddressNoTimeout
00116464 T svcCloseHandle
0011646c T svcWaitSynchronization
00116474 T svcWaitSynchronizationN
0011649c T svcDuplicateHandle
001164b0 T svcGetSystemTick
001164b8 T svcConnectToPort
001164cc T svcSendSyncRequest
001164d4 T svcGetResourceLimit
001164e8 T svcGetResourceLimitLimitValues
001164f0 T svcGetResourceLimitCurrentValues
001164f8 T svcBreak
00116500 W initSystem
00116550 W __ctru_exit
00116564 00000024 t addrMapNodeComparator(rbtree_node const*, rbtree_node const*)
00116588 00000004 t addrMapNodeDestructor(rbtree_node*)
0011658c 0000012c T linearMemAlign
001166b8 00000008 T linearAlloc
001166c0 0000005c T linearFree
0011671c 00000088 T MemPool::CoalesceRight(MemBlock*)
001167a4 00000178 T MemPool::Allocate(MemChunk&, unsigned long, int)
0011691c 00000118 T MemPool::Deallocate(MemChunk const&)
00116a34 00000030 T MemPool::GetFreeSpace()
00116a64 00000024 t addrMapNodeComparator(rbtree_node const*, rbtree_node const*)
00116a88 00000004 t addrMapNodeDestructor(rbtree_node*)
00116a8c 00000248 T vramMemAlignAt
00116cd4 0000000c T vramAlloc
00116ce0 00000094 T vramFree
00116d74 0000008c W envGetHandle
00116e00 00000050 W envDestroyHandles
00116e50 00000164 T srvInit
00116fb4 00000064 T srvExit
00117018 00000060 T srvEnableNotification
00117078 000000a0 T srvGetServiceHandleDirect
00117118 00000048 T srvGetServiceHandle
00117160 00000034 T srvSubscribe
00117194 00000060 T srvReceiveNotification
001171f4 00000038 T srvPublishToSubscriber
0011722c 0000000c T __sync_init
00117238 00000018 T __sync_fini
00117250 00000028 T syncArbitrateAddress
00117278 000000ac T LightLock_Lock
00117324 00000040 T LightLock_Unlock
00117364 00000054 T RecursiveLock_Lock
001173b8 00000054 T RecursiveLock_Unlock
0011740c 00000044 T LightEvent_Init
00117450 000000b8 T LightEvent_Clear
00117508 000000dc T LightEvent_Signal
001175e4 00000050 T LightEvent_TryWait
00117634 000000ac T LightEvent_Wait
001176e0 000001fc T threadCreate
001178dc 00000038 T threadFree
00117914 00000024 T threadJoin
00117938 00000030 T threadGetCurrent
00117968 00000040 T threadExit
001179a8 00000020 t _thread_begin
001179c8 00000090 t mappableFindAddressWithin
00117a58 00000028 T mappableInit
00117a80 0000007c T mappableAlloc
00117afc 00000004 T mappableFree
00117b00 0000000c T srvPmGetSessionHandle
00117b0c 00000074 T rbtree_find
00117b80 00000010 T rbtree_init
00117b90 00000198 t do_insert
00117d28 00000008 T rbtree_insert
00117d30 00000310 T rbtree_remove
00118040 00000090 T rbtree_rotate
001180d0 000001e8 W __system_allocateHeaps
001182b8 00000030 W __appExit
001182e8 00000030 W __appInit
00118318 00000090 W __libctru_exit
001183a8 00000024 t error_cmp
001183cc 00000050 t archive_translate_error
0011841c 000000c0 t archive_seek
001184dc 00000078 t _archiveInit.part.0
00118554 00000110 t archiveFindDevice.part.0
00118664 00000298 t archive_utf16path
001188fc 00000098 t _archiveUnmountDeviceStruct.part.0
00118994 00000178 t _archiveMountDevice
00118b0c 000000f8 t archive_diropen
00118c04 000000ac t archive_fstat
00118cb0 00000074 t archive_fsync
00118d24 00000074 t archive_close
00118d98 00000078 t archive_dirclose
00118e10 000000ec t sdmc_statvfs
00118efc 000000f8 t archive_chdir
00118ff4 0000008c t archive_ftruncate
00119080 000000bc t archive_read
0011913c 000000a8 t archive_unlink
001191e4 000000c0 t archive_rmdir
001192a4 000000d8 t archive_mkdir
0011937c 000001a0 t archive_stat
0011951c 00000164 t archive_dirnext
00119680 0000013c t archive_write
001197c0 00000254 t archive_open
00119a14 00000270 t archive_rename
00119c84 000001c8 T archiveMountSdmc
00119e4c 00000054 T archiveUnmountAll
00119ea0 00000104 T fsInit
00119fa4 0000003c T fsExit
00119fe0 00000068 T fsExemptFromSession
0011a048 00000050 T fsUnexemptFromSession
0011a098 000000cc T FSUSER_OpenFile
0011a164 000000b8 T FSUSER_DeleteFile
0011a21c 000000f4 T FSUSER_RenameFile
0011a310 000000b8 T FSUSER_DeleteDirectory
0011a3c8 000000d0 T FSUSER_CreateFile
0011a498 000000c0 T FSUSER_CreateDirectory
0011a558 000000f4 T FSUSER_RenameDirectory
0011a64c 000000b4 T FSUSER_OpenDirectory
0011a700 00000090 T FSUSER_OpenArchive
0011a790 0000008c T FSUSER_CloseArchive
0011a81c 00000074 T FSUSER_GetSdmcArchiveResource
0011a890 00000064 T FSUSER_IsSdmcWritable
0011a8f4 00000064 T FSFILE_Read
0011a958 0000006c T FSFILE_Write
0011a9c4 00000044 T FSFILE_GetSize
0011aa08 00000028 T FSFILE_SetSize
0011aa30 0000003c T FSFILE_Close
0011aa6c 00000024 T FSFILE_Flush
0011aa90 00000060 T FSDIR_Read
0011aaf0 0000003c T FSDIR_Close
0011ab2c 00000060 T rbtree_node_next
0011ab8c 00000140 T decode_utf8
0011accc 000000e8 T utf16_to_utf8
0011adb4 000000c0 T utf8_to_utf16
0011ae74 T __aeabi_read_tp
0011ae80 00000054 T decode_utf16
0011aed4 00000054 T encode_utf16
0011af28 000000e0 T encode_utf8
0011b008 00000074 T fmodf
0011b07c 00000028 T __isnand
0011b0a8 00000068 T fmod
0011b110 00000214 T __ieee754_fmodf
0011b324 00000038 T __isinfd
0011b35c 0000052c T __ieee754_fmod
0011b888 0000002c T __aeabi_d2lz
0011b888 0000002c T __fixdfdi
0011b8b8 00000040 T __aeabi_d2ulz
0011b8b8 00000040 T __fixunsdfdi
0011b8f8 00000130 T __udivmoddi4
0011ba28 000000e4 T strncat
0011bb0c 00000034 T ftell
0011bb40 00000128 T memcpy
0011bc68 0000002c T vprintf
0011bc94 0000008c T strlen
0011bd20 00000334 T _fread_r
0011c054 00000038 T fread
0011c08c 00000078 T bsearch
0011c104 00000134 T _fopen_r
0011c238 00000028 T fopen
0011c260 000005e0 t get_arg
0011c840 00003554 T _vfprintf_r
0011fd94 000000b4 t __sbprintf
0011fe48 00000028 T memalign
0011fe70 000000a0 T _wcrtomb_r
0011ff10 00000034 T printf
0011ff44 000001ec t _strtoul_l.isra.0
00120130 0000003c T strtoul
0012016c 000000a4 T __ssprint_r
00120210 000000d8 T memcmp
001202e8 0000016c T _memalign_r
00120454 0000000c T __errno
00120460 00000164 T __smakebuf_r
001205c4 00000090 T __swhatbuf_r
00120654 00000024 T __locale_mb_cur_max
00120678 000000e4 T memset
0012075c 0000022c T __sflush_r
00120988 000000c4 T _fflush_r
00120a4c 00000088 T _vsnprintf_r
00120ad4 00000038 T vsnprintf
00120b0c 00000030 T __sprint_r
00120b3c 000001c4 T _ftello_r
00120d00 0000082c T _malloc_r
0012152c 000001c0 t quorem
001216f0 00001420 T _dtoa_r
00122b10 00000114 T _malloc_trim_r
00122c24 00000314 T _free_r
00122f38 00000294 T setvbuf
001231cc 0000001c t stdio_exit_handler
001231e8 0000005c t cleanup_stdio
00123244 00000154 t global_stdio_init.part.0
00123398 00000138 T __sfp
001234d0 0000005c T __sinit
0012352c 0000000c T __sfp_lock_acquire
00123538 0000000c T __sfp_lock_release
00123544 00000084 T __libc_init_array
001235c8 000000d4 T strncpy
0012369c 0000001c T _fseek_r
001236b8 00000034 T fseek
001236ec 00000040 T malloc
0012372c 00000020 T free
0012374c 000000e8 T memchr
00123834 00000028 T _wcsrtombs_r
0012385c 00000140 T __swsetup_r
0012399c 000000e0 T _puts_r
00123a7c 00000020 T puts
00123a9c 00000024 T _localeconv_r
00123ac0 00000044 T __sread
00123b04 00000068 T __swrite
00123b6c 00000040 T __sseek
00123bac 00000008 T __sclose
00123bb4 000001a8 T memmove
00123d5c 0000000c T __malloc_lock
00123d68 0000000c T __malloc_unlock
00123d74 00000588 T _fseeko_r
001242fc 00000148 T _fclose_r
00124444 00000020 T fclose
00124464 00000004 W __call_exitprocs
00124468 00000030 T exit
00124498 000005e0 t get_arg
00124a78 0000345c T _svfprintf_r
00127ed4 000000b8 T __sflags
00127f8c 0000012c T __ssputs_r
001280b8 000000f8 T __utf8_wctomb
001281b0 0000003c T __libc_fini_array
001281ec 0000003c T strnlen
00128228 000000d8 T strncmp
00128300 0000015c T _wcsnrtombs_l
0012845c 00000064 T _wcsnrtombs_r
001284c0 00000038 t lflush
001284f8 000001a8 T __srefill_r
001286a0 00000088 T frexp
00128728 0000005c T __assert_func
00128784 00000088 T _Balloc
0012880c 0000001c T _Bfree
00128828 000000f4 T __multadd
0012891c 00000080 T __hi0bits
0012899c 000000f0 T __lo0bits
00128a8c 000000a4 T __i2b
00128b30 00000230 T __multiply
00128d60 00000130 T __pow5mult
00128e90 00000138 T __lshift
00128fc8 00000058 T __mcmp
00129020 00000218 T __mdiff
00129238 00000120 T __d2b
00129358 00000070 T _fwalk_sglue
001293c8 00000340 T __utf8_mbtowc
00129708 0000003c T fiprintf
00129744 000004a4 T __sfvwrite_r
00129be8 00000140 T strchr
00129d28 00000014 T abort
00129d3c 000000d8 T _calloc_r
00129e14 000004f0 T _realloc_r
0012a304 000005e0 t get_arg
0012a8e4 000022f8 T _vfiprintf_r
0012cbdc 000000b4 t __sbprintf
0012cc90 0000009c T _raise_r
0012cd2c 00000020 T raise
0012cd4c 00000020 T _exit
0012cd6c 00000140 T chdir
0012ceac 000001c8 T _concatenate_path
0012d074 0000009c T _fstat_r
0012d110 00000014 T _getpid_r
0012d124 0000002c T __getreent
0012d150 000000a0 T __release_handle
0012d1f0 000000b0 T __alloc_handle
0012d2a0 00000058 T __get_handle
0012d2f8 00000110 T _close_r
0012d408 00000008 t null_write
0012d410 00000018 T setDefaultDevice
0012d428 00000098 T FindDevice
0012d4c0 00000024 T RemoveDevice
0012d4e4 00000088 T AddDevice
0012d56c 00000020 T GetDeviceOpTab
0012d58c 00000008 T _isatty_r
0012d594 00000014 T _kill_r
0012d5a8 00000094 T _lseek_r
0012d63c 000000c0 T _open_r
0012d6fc 00000094 T _read_r
0012d790 00000078 W _sbrk_r
0012d808 0000001c T __libc_lock_acquire
0012d824 0000001c T __libc_lock_release
0012d840 0000001c T __libc_lock_acquire_recursive
0012d85c 0000001c T __libc_lock_release_recursive
0012d878 00000094 T _write_r
0012d90c 00000048 T strrchr
0012d954 T _fini
0012e360 0000001c r CSWTCH.678
0012e37c 000006b8 r c_CLR_StringTable_Lookup
0012ea34 00002c41 r c_CLR_StringTable_Data
001316a8 00000007 r c_MARKER_ASSEMBLY_V1
001316b0 00000018 r c_MethodIndexLookup
001316c8 000002f4 r c_TypeIndexLookup
001319bc 00000104 R c_CLR_RT_LogicalOpcodeLookup
00131ac0 00000123 R c_CLR_RT_OpcodeLookup
00131be4 00000474 R c_CLR_RT_DataTypeLookup
00132058 00000400 R c_CRCTable
00133534 r .LC2
00133678 00000004 V CLR_TkFromStream(unsigned char const*&)::c_lookup
0013367c 00000002 V CLR_UncompressMethodToken(unsigned int)::c_lookup
00133680 00000002 V CLR_UncompressFieldToken(unsigned int)::c_lookup
00133684 00000003 V CLR_UncompressTypeToken(unsigned int)::c_lookup
001338cc 00000080 r dotab_stdout
0013394c 00000018 r grayScale
00133964 00000006 r colorCube
0013396c 00000030 r colorTable
001339b8 00000008 r morton_y.2
001339c0 00000008 r morton_x.3
001339c8 00000008 r s_sleepWakeEvents.4
001339d0 0000000c r serviceNameTable.5
001339dc R default_font_bin
001341dc R default_font_bin_end
001341dc 00000030 r error_table
0013420c 00000080 r archive_devoptab
0013428c 00000008 r Zero
00134298 00000010 r Zero
001343d0 00000010 r zeroes.0
001343e0 00000010 r blanks.1
001343f0 0000006c R __action_table
0013445c 0000006c R __state_table
001344c8 00000100 R __chclass
001346bc 00000010 r zeroes.0
001346cc 00000010 r blanks.1
001346dc 00000101 R _ctype_
001347e0 0000000c r p05.0
001347f0 00000028 R __mprec_bigtens
00134818 000000c8 R __mprec_tens
001349cc 00000010 r zeroes.0
001349dc 00000010 r blanks.1
001349ec 00000080 R dotab_stdnull
00134a6c R __tdata_align
00134a70 r __EH_FRAME_BEGIN__
00134a70 R __exidx_end
00134a70 R __exidx_start
00135000 00000004 D s_CLR_RT_fTrace_AssemblyOverhead
00135004 00000004 D s_CLR_RT_fTrace_Exceptions
00135008 00000004 D s_CLR_RT_fTrace_Errors
0013500c 00000001 d firstConsoleInit.0
00135010 00000004 D currentConsole
00135014 00000048 D defaultConsole
0013505c 00000004 d aptChainloadDeliverArgSize
00135060 00000004 d kCount
00135064 00000004 d kInterval
00135068 00000004 d kDelay
0013506c W __stacksize__
00135070 00000004 D _impure_ptr
00135078 00000200 D _impure_data
00135278 00000254 D __global_locale
001354cc 00000004 D __malloc_sbrk_base
001354d0 00000004 D __malloc_trim_threshold
001354d8 00000408 D __malloc_av_
001358e0 0000000c D __sglue
001358ec 00000400 d _current_working_directory
00135cf0 00001000 d handles
00136cf0 0000000c d __stderr_handle
00136cfc 0000000c d __stdout_handle
00136d08 0000000c d __stdin_handle
00136d14 0000008c D devoptab_list
00136da0 00000004 d defaultDevice
00136dac d _GLOBAL_OFFSET_TABLE_
00136db8 d __frame_dummy_init_array_entry
00136db8 D __init_array_start
00136db8 B __preinit_array_end
00136db8 B __preinit_array_start
00136db8 D __tdata_lma
00136db8 D __tdata_lma_end
00136dbc d __do_global_dtors_aux_fini_array_entry
00136dbc D __fini_array_start
00136dbc D __init_array_end
00136dc0 D __bss_start__
00136dc0 D __fini_array_end
00136dc0 00000004 b g_ClrHeapBuffer
00136dc4 00000024 B HalSystemConfig
00136de8 00000008 B s_CLR_RT_Heap
00136df0 00000004 b s_PreHeapInitIndex
00136df4 00000c04 B g_scratchInterruptDispatchingStorage
001379f8 00000904 B g_scratchInlineBuffer
001382fc 00001804 B g_scratchVirtualMethodPayload
00139b00 00000808 B g_scratchVirtualMethodTableLinkMRU
0013a308 00000a08 B g_scratchVirtualMethodTableLink
0013ad10 00000034 B g_CLR_HW_Hardware
0013ad44 00000050 B g_CLR_RT_GarbageCollector
0013ad94 000001f4 B g_CLR_RT_EventCache
0013af88 00000110 B g_CLR_RT_TypeSystem
0013b098 00000008 B g_CLR_RT_WellKnownMethods
0013b0a0 00000108 B g_CLR_RT_WellKnownTypes
0013b1a8 000000d8 B g_CLR_RT_ExecutionEngine
0013b280 00000004 B g_buildCRC
0013b288 00000018 B CLR_RT_ExecutionEngine::s_compensation
0013b2a0 00000004 B CLR_RT_ProtectFromGC::s_first
0013b2a4 b completed.1
0013b2a8 b object.0
0013b2c0 00000064 b escapeSeq
0013b324 00000048 B currentCopy
0013b36c 00000004 b screenAlloc
0013b370 00000004 b screenFree
0013b374 00000002 b gfxIsDoubleBuf
0013b378 00000002 b gfxCurBuf
0013b37a 00000001 b gfxIsVram
0013b37b 00000001 b gfxTopMode
0013b37c 00000002 b gfxFramebufferFormats
0013b380 00000004 b gfxBottomFramebufferMaxSize
0013b384 00000004 b gfxTopFramebufferMaxSize
0013b388 00000008 b gfxBottomFramebuffers
0013b390 00000008 b gfxTopFramebuffers
0013b398 00000001 V __ctru_speedup
0013b399 00000001 b flagValue.0
0013b39a 00000001 b flagInit.1
0013b39c 00000004 b serviceName.6
0013b3a0 00000001 b aptChainloadFlags
0013b3a1 00000001 b aptChainloadMediatype
0013b3a4 00000020 b aptChainloadHmac
0013b3c4 00000300 b aptChainloadDeliverArg
0013b6c8 00000008 b aptChainloadTid
0013b6d0 00001000 b aptParameters
0013c6d0 00000004 b aptFlags
0013c6d4 00000001 b aptHomeButtonState
0013c6d8 00000004 b aptMessageFuncData
0013c6dc 00000004 b aptMessageFunc
0013c6e0 0000000c b aptFirstHook
0013c6ec 00000001 b aptEventHandlerThreadQuit
0013c6f0 00000004 b aptEventHandlerThread
0013c6f4 00000008 b aptSleepEvent
0013c6fc 00000008 b aptReceiveEvent
0013c704 00000008 b aptEvents
0013c70c 00000004 b aptLockHandle
0013c710 00000004 b aptRefCount
0013c714 00000007 b gspEventCbOneShot
0013c71c 0000001c b gspEventCbData
0013c738 0000001c b gspEventCb
0013c754 00000038 b gspEvents
0013c78c 00000004 b gspLastEvent
0013c790 00000001 b gspRunEvents
0013c794 00000004 b gspEventThread
0013c798 00000004 b gspEvent
0013c79c 00000001 b gspGpuRight
0013c79d 00000001 b gspThreadId
0013c7a0 00000004 b gspSharedMem
0013c7a4 00000004 b gspSharedMemHandle
0013c7a8 00000004 b gspRefCount
0013c7ac 00000004 b gspGpuHandle
0013c7b0 00000001 b usingIrrst
0013c7b4 00000004 b hidRefCount
0013c7b8 00000006 b gRate
0013c7c0 00000006 b aVec
0013c7c8 00000004 b cPos
0013c7cc 00000004 b tPos
0013c7d0 00000004 b kRepeat
0013c7d4 00000004 b kUp
0013c7d8 00000004 b kDown
0013c7dc 00000004 b kHeld
0013c7e0 00000004 b kOld
0013c7e4 00000004 B hidSharedMem
0013c7e8 00000014 B hidEvents
0013c7fc 00000004 B hidMemHandle
0013c800 00000004 B hidHandle
0013c804 00000004 b irrstRefCount
0013c808 00000004 b csPos
0013c80c 00000004 b kHeld
0013c810 00000004 B irrstSharedMem
0013c814 00000004 B irrstEvent
0013c818 00000004 B irrstMemHandle
0013c81c 00000004 B irrstHandle
0013c820 00000004 b ptmSysmRefCount
0013c824 00000004 b ptmSysmHandle
0013c828 00000004 B __system_retAddr
0013c82c 00000004 B __system_argv
0013c830 00000004 B __system_argc
0013c834 b saved_stack
0013c840 00000008 b sLinearPool
0013c848 0000000c b sAddrMap
0013c858 00000008 b sVramPoolB
0013c860 00000008 b sVramPoolA
0013c868 0000000c b sAddrMap
0013c874 00000004 B __3dslink_host
0013c878 00000004 b srvRefCount
0013c87c 00000004 b srvHandle
0013c880 00000004 b arbiter
0013c884 00000004 b currentAddr
0013c888 00000004 b maxAddr
0013c88c 00000004 b minAddr
0013c890 00000004 b srvPmHandle
0013c894 00000004 V __ctru_linear_heap_size
0013c898 00000004 V __ctru_heap_size
0013c89c 00000004 B __ctru_linear_heap
0013c8a0 00000004 B __ctru_heap
0013c8a8 000005c0 b archive_devices
0013ce68 00000004 b archive_device_cwd
0013ce6c 00000001 b archive_initialized
0013ce70 00000080 b fsExemptArchives
0013cef0 00000004 b fsuRefCount
0013cef4 00000004 b fsuHandle
0013cef8 00000028 B __malloc_current_mallinfo
0013cf20 00000004 B __malloc_max_total_mem
0013cf24 00000004 B __malloc_max_sbrked_mem
0013cf28 00000004 B __malloc_top_pad
0013cf2c 0000000c b __sfp_recursive_mutex
0013cf38 00000168 B __sf
0013d0a0 00000004 B __stdio_exit_handler
0013d0a4 0000000c b __malloc_recursive_mutex
0013d0b0 00000400 b temp_cwd
0013d4b0 00000004 b __hndl_lock
0013d4b4 00000004 B fake_heap_start
0013d4b8 00000004 B fake_heap_end
0013d4bc 00000004 b heap_start.0
0013d4c0 B __tls_start
0013e0c8 B __bss_end__
0013e0c8 A __end__
0013e0c8 B __tls_end
