         w __deregister_frame_info
         w __register_frame_info
         w userAppExit
         w userAppInit
00000000 00000802 B __ctru_dev_utf16_buf
00000000 A __sync_synchronize
00000000 b _TLS_MODULE_BASE_
00000000 a shift
00000000 a shift
00000804 00000401 B __ctru_dev_path_buf
00100000 A __start__
00100000 T _start
00100008 T __service_ptr
0010000c T __apt_appid
00100010 T __heap_size
00100014 T __linear_heap_size
00100018 T __system_arglist
0010001c T __system_runflags
00100020 t startup
00100058 t ClearMem
0010006c t ClrLoop
00100094 T _init
001000ac T __aeabi_idiv
001000ac 00000220 T __divsi3
001000b4 t .divsi3_skip_div0_test
001002cc 00000020 T __aeabi_idivmod
001002ec 00000004 W __aeabi_idiv0
001002ec 00000004 W __aeabi_ldiv0
001002f0 T __aeabi_uldivmod
00100348 00000390 T strcmp
001006d0 t .udivsi3_skip_div0_test
001006d0 T __aeabi_uidiv
001006d0 000001ec T __udivsi3
001008bc 00000020 T __aeabi_uidivmod
001008dc t __do_global_dtors_aux
0010092c t frame_dummy
00100958 000000e8 T main
00100a40 000001c8 T consoleDrawChar
00100c08 00000170 T consolePrintChar
00100d78 00000cc8 T con_write
00101a40 000000fc t newRow
00101b3c 00000180 T consoleInit
00101cbc 000000cc t gfxPresentFramebuffer
00101d88 0000001c T gfxIsWide
00101da4 000000f8 T gfxSetScreenFormat
00101e9c 00000010 T gfxSetDoubleBuffering
00101eac 000000d8 T gfxInit
00101f84 00000010 T gfxInitDefault
00101f94 000000b8 T gfxExit
0010204c 000000a0 T gfxGetFramebuffer
001020ec 00000100 T gfxFlushBuffers
001021ec 00000050 T gfxSwapBuffers
0010223c 00000050 T gfxSwapBuffersGpu
0010228c 00000180 t aptConvertScreenForCapture
0010240c 00000008 W aptDspSleep
00102414 00000004 W aptDspWakeup
00102418 00000004 W aptDspCancel
0010241c 00000138 T aptSendCommand
00102558 00000044 t aptExitProcess
0010259c 00000394 T aptExit
00102930 000000d8 T aptHandleSleep
00102a08 00000084 T APT_SleepIfShellClosed
00102a8c 00000078 T aptSetSleepAllowed
00102b04 00000084 T APT_UnlockTransition
00102b88 00000470 t aptEventHandler
00102ff8 000000bc T APT_ReceiveParameter
001030b4 000000b0 t aptReceiveParameter.constprop.0
00103168 00000294 t aptScreenTransfer
001033fc 000002d0 t aptWaitForWakeUp.isra.0
001036cc 000000f4 T aptJumpToHomeMenu
001037c0 00000058 T aptMainLoop
00103818 00000240 T aptInit
00103a58 00000090 T APT_CheckNew3DS
00103ae8 00000c70 t gspHardwareInit
00104758 00000288 T gspInit
001049e0 00000104 T gspExit
00104ae4 00000010 T gspHasGpuRight
00104af4 000000a4 T gspPresentBuffer
00104b98 00000050 T gspWaitForEvent
00104be8 00000004 W gxCmdQueueInterrupt
00104bec 00000154 t gspEventThreadMain
00104d40 00000050 T GSPGPU_FlushDataCache
00104d90 00000034 T GSPGPU_SetLcdForceBlack
00104dc4 00000084 T GSPGPU_AcquireRight
00104e48 00000064 T GSPGPU_ReleaseRight
00104eac 0000007c T GSPGPU_ImportDisplayCaptureInfo
00104f28 0000002c T GSPGPU_SaveVramSysArea
00104f54 0000002c T GSPGPU_RestoreVramSysArea
00104f80 00000024 W hidShouldUseIrrst
00104fa4 000001cc T hidInit
00105170 000000e8 T hidExit
00105258 000002a0 T hidScanInput
001054f8 00000010 T hidKeysDown
00105508 000001a4 T irrstInit
001056ac 000000dc T irrstExit
00105788 000000b4 T irrstScanInput
0010583c 00000024 T irrstKeysHeld
00105860 00000038 W __libctru_init
00105898 0000016c W __system_initArgv
00105a04 00000030 T __syscall_getreent
00105a34 00000004 T __syscall_lock_acquire
00105a38 00000004 T __syscall_lock_release
00105a3c 00000004 T __syscall_lock_acquire_recursive
00105a40 00000004 T __syscall_lock_release_recursive
00105a44 00000004 T __syscall_exit
00105a48 00000054 T initThreadVars
00105a9c 00000080 T __system_initSyscalls
00105b1c T svcControlMemory
00105b3c T svcQueryMemory
00105b6c T svcExitProcess
00105b74 T svcCreateThread
00105b94 T svcExitThread
00105b9c T svcSleepThread
00105ba4 T svcReleaseMutex
00105bac T svcCreateEvent
00105bc0 T svcSignalEvent
00105bc8 T svcClearEvent
00105bd0 T svcMapMemoryBlock
00105bd8 T svcUnmapMemoryBlock
00105be0 T svcCreateAddressArbiter
00105bf4 T svcArbitrateAddressNoTimeout
00105bfc T svcCloseHandle
00105c04 T svcWaitSynchronization
00105c0c T svcWaitSynchronizationN
00105c34 T svcDuplicateHandle
00105c48 T svcConnectToPort
00105c5c T svcSendSyncRequest
00105c64 T svcGetResourceLimit
00105c78 T svcGetResourceLimitLimitValues
00105c80 T svcGetResourceLimitCurrentValues
00105c88 T svcBreak
00105c90 W initSystem
00105ce0 W __ctru_exit
00105cf4 00000024 t addrMapNodeComparator(rbtree_node const*, rbtree_node const*)
00105d18 00000004 t addrMapNodeDestructor(rbtree_node*)
00105d1c 0000012c T linearMemAlign
00105e48 00000008 T linearAlloc
00105e50 0000005c T linearFree
00105eac 00000088 T MemPool::CoalesceRight(MemBlock*)
00105f34 00000178 T MemPool::Allocate(MemChunk&, unsigned long, int)
001060ac 00000118 T MemPool::Deallocate(MemChunk const&)
001061c4 00000030 T MemPool::GetFreeSpace()
001061f4 00000024 t addrMapNodeComparator(rbtree_node const*, rbtree_node const*)
00106218 00000004 t addrMapNodeDestructor(rbtree_node*)
0010621c 00000248 T vramMemAlignAt
00106464 0000000c T vramAlloc
00106470 00000094 T vramFree
00106504 0000008c W envGetHandle
00106590 00000050 W envDestroyHandles
001065e0 00000034 T __ctru_speedup_config
00106614 00000164 T srvInit
00106778 00000064 T srvExit
001067dc 00000060 T srvEnableNotification
0010683c 000000a0 T srvGetServiceHandleDirect
001068dc 00000048 T srvGetServiceHandle
00106924 00000034 T srvSubscribe
00106958 00000060 T srvReceiveNotification
001069b8 00000038 T srvPublishToSubscriber
001069f0 0000000c T __sync_init
001069fc 00000018 T __sync_fini
00106a14 00000028 T syncArbitrateAddress
00106a3c 000000ac T LightLock_Lock
00106ae8 00000040 T LightLock_Unlock
00106b28 00000054 T RecursiveLock_Lock
00106b7c 00000054 T RecursiveLock_Unlock
00106bd0 00000044 T LightEvent_Init
00106c14 000000b8 T LightEvent_Clear
00106ccc 000000dc T LightEvent_Signal
00106da8 00000050 T LightEvent_TryWait
00106df8 000000ac T LightEvent_Wait
00106ea4 000001fc T threadCreate
001070a0 00000038 T threadFree
001070d8 00000024 T threadJoin
001070fc 00000030 T threadGetCurrent
0010712c 00000040 T threadExit
0010716c 00000020 t _thread_begin
0010718c 00000090 t mappableFindAddressWithin
0010721c 00000028 T mappableInit
00107244 0000007c T mappableAlloc
001072c0 00000004 T mappableFree
001072c4 00000078 T ptmSysmInit
0010733c 0000003c T ptmSysmExit
00107378 00000034 T PTMSYSM_ConfigureNew3DSCPU
001073ac 0000000c T srvPmGetSessionHandle
001073b8 00000074 T rbtree_find
0010742c 00000010 T rbtree_init
0010743c 00000198 t do_insert
001075d4 00000008 T rbtree_insert
001075dc 00000310 T rbtree_remove
001078ec 00000090 T rbtree_rotate
00107980 000001e8 W __system_allocateHeaps
00107b68 00000030 W __appExit
00107b98 00000030 W __appInit
00107bc8 00000090 W __libctru_exit
00107c58 00000024 t error_cmp
00107c7c 00000050 t archive_translate_error
00107ccc 000000c0 t archive_seek
00107d8c 00000078 t _archiveInit.part.0
00107e04 00000110 t archiveFindDevice.part.0
00107f14 00000298 t archive_utf16path
001081ac 00000098 t _archiveUnmountDeviceStruct.part.0
00108244 00000178 t _archiveMountDevice
001083bc 000000f8 t archive_diropen
001084b4 000000ac t archive_fstat
00108560 00000074 t archive_fsync
001085d4 00000074 t archive_close
00108648 00000078 t archive_dirclose
001086c0 000000ec t sdmc_statvfs
001087ac 000000f8 t archive_chdir
001088a4 0000008c t archive_ftruncate
00108930 000000bc t archive_read
001089ec 000000a8 t archive_unlink
00108a94 000000c0 t archive_rmdir
00108b54 000000d8 t archive_mkdir
00108c2c 000001a0 t archive_stat
00108dcc 00000164 t archive_dirnext
00108f30 0000013c t archive_write
00109070 00000254 t archive_open
001092c4 00000270 t archive_rename
00109534 000001c8 T archiveMountSdmc
001096fc 00000054 T archiveUnmountAll
00109750 00000104 T fsInit
00109854 0000003c T fsExit
00109890 00000068 T fsExemptFromSession
001098f8 00000050 T fsUnexemptFromSession
00109948 000000cc T FSUSER_OpenFile
00109a14 000000b8 T FSUSER_DeleteFile
00109acc 000000f4 T FSUSER_RenameFile
00109bc0 000000b8 T FSUSER_DeleteDirectory
00109c78 000000d0 T FSUSER_CreateFile
00109d48 000000c0 T FSUSER_CreateDirectory
00109e08 000000f4 T FSUSER_RenameDirectory
00109efc 000000b4 T FSUSER_OpenDirectory
00109fb0 00000090 T FSUSER_OpenArchive
0010a040 0000008c T FSUSER_CloseArchive
0010a0cc 00000074 T FSUSER_GetSdmcArchiveResource
0010a140 00000064 T FSUSER_IsSdmcWritable
0010a1a4 00000064 T FSFILE_Read
0010a208 0000006c T FSFILE_Write
0010a274 00000044 T FSFILE_GetSize
0010a2b8 00000028 T FSFILE_SetSize
0010a2e0 0000003c T FSFILE_Close
0010a31c 00000024 T FSFILE_Flush
0010a340 00000060 T FSDIR_Read
0010a3a0 0000003c T FSDIR_Close
0010a3dc 00000060 T rbtree_node_next
0010a43c 00000140 T decode_utf8
0010a57c 000000e8 T utf16_to_utf8
0010a664 000000c0 T utf8_to_utf16
0010a724 T __aeabi_read_tp
0010a730 00000054 T decode_utf16
0010a784 00000054 T encode_utf16
0010a7d8 000000e0 T encode_utf8
0010a8b8 00000130 T __udivmoddi4
0010a9e8 000000e4 T strncat
0010aacc 00000128 T memcpy
0010abf4 0000008c T strlen
0010ac80 00000078 T bsearch
0010acf8 00000028 T memalign
0010ad20 00000034 T printf
0010ad54 000001ec t _strtoul_l.isra.0
0010af40 0000003c T strtoul
0010af7c 0000016c T _memalign_r
0010b0e8 0000000c T __errno
0010b0f4 000000e4 T memset
0010b1d8 0000022c T __sflush_r
0010b404 000000c4 T _fflush_r
0010b4c8 0000082c T _malloc_r
0010bcf4 00000114 T _malloc_trim_r
0010be08 00000314 T _free_r
0010c11c 00000294 T setvbuf
0010c3b0 0000001c t stdio_exit_handler
0010c3cc 0000005c t cleanup_stdio
0010c428 00000154 t global_stdio_init.part.0
0010c57c 0000005c T __sinit
0010c5d8 0000000c T __sfp_lock_acquire
0010c5e4 0000000c T __sfp_lock_release
0010c5f0 00000084 T __libc_init_array
0010c674 000000d4 T strncpy
0010c748 00000040 T malloc
0010c788 00000020 T free
0010c7a8 000000e0 T _puts_r
0010c888 00000020 T puts
0010c8a8 00000044 T __sread
0010c8ec 00000068 T __swrite
0010c954 00000040 T __sseek
0010c994 00000008 T __sclose
0010c99c 0000000c T __malloc_lock
0010c9a8 0000000c T __malloc_unlock
0010c9b4 00000148 T _fclose_r
0010cafc 00000004 W __call_exitprocs
0010cb00 00000030 T exit
0010cb30 0000003c T __libc_fini_array
0010cb6c 0000003c T strnlen
0010cba8 000000d8 T strncmp
0010cc80 00000070 T _fwalk_sglue
0010ccf0 000005e0 t get_arg
0010d2d0 00003554 T _vfprintf_r
00110824 000000b4 t __sbprintf
001108d8 000000a0 T _wcrtomb_r
00110978 000004a4 T __sfvwrite_r
00110e1c 00000164 T __smakebuf_r
00110f80 00000090 T __swhatbuf_r
00111010 00000024 T __locale_mb_cur_max
00111034 00000030 T __sprint_r
00111064 000001c0 t quorem
00111228 00001420 T _dtoa_r
00112648 000000e8 T memchr
00112730 00000028 T _wcsrtombs_r
00112758 00000140 T __swsetup_r
00112898 00000024 T _localeconv_r
001128bc 000001a8 T memmove
00112a64 000004f0 T _realloc_r
00112f54 000000f8 T __utf8_wctomb
0011304c 0000015c T _wcsnrtombs_l
001131a8 00000064 T _wcsnrtombs_r
00113210 00000088 T frexp
00113298 0000005c T __assert_func
001132f4 00000088 T _Balloc
0011337c 0000001c T _Bfree
00113398 000000f4 T __multadd
0011348c 00000080 T __hi0bits
0011350c 000000f0 T __lo0bits
001135fc 000000a4 T __i2b
001136a0 00000230 T __multiply
001138d0 00000130 T __pow5mult
00113a00 00000138 T __lshift
00113b38 00000058 T __mcmp
00113b90 00000218 T __mdiff
00113da8 00000120 T __d2b
00113ec8 00000340 T __utf8_mbtowc
00114208 0000003c T fiprintf
00114244 00000140 T strchr
00114384 00000014 T abort
00114398 000000d8 T _calloc_r
00114470 000005e0 t get_arg
00114a50 000022f8 T _vfiprintf_r
00116d48 000000b4 t __sbprintf
00116dfc 0000009c T _raise_r
00116e98 00000020 T raise
00116eb8 00000020 T _exit
00116ed8 00000140 T chdir
00117018 000001c8 T _concatenate_path
001171e0 0000009c T _fstat_r
0011727c 00000014 T _getpid_r
00117290 0000002c T __getreent
001172bc 00000058 T __get_handle
00117314 00000110 T _close_r
00117424 00000008 t null_write
0011742c 00000018 T setDefaultDevice
00117444 00000098 T FindDevice
001174dc 00000024 T RemoveDevice
00117500 00000088 T AddDevice
00117588 00000020 T GetDeviceOpTab
001175a8 00000008 T _isatty_r
001175b0 00000014 T _kill_r
001175c4 00000094 T _lseek_r
00117658 00000068 T mkdir
001176c0 00000094 T _read_r
00117754 00000078 W _sbrk_r
001177cc 0000001c T __libc_lock_acquire
001177e8 0000001c T __libc_lock_release
00117804 0000001c T __libc_lock_acquire_recursive
00117820 0000001c T __libc_lock_release_recursive
0011783c 00000094 T _write_r
001178d0 00000048 T strrchr
00117918 T _fini
001181f0 r .LC2
00118574 00000080 r dotab_stdout
001185f4 00000018 r grayScale
0011860c 00000006 r colorCube
00118614 00000030 r colorTable
00118660 00000008 r morton_y.2
00118668 00000008 r morton_x.3
00118670 00000008 r s_sleepWakeEvents.4
00118678 0000000c r serviceNameTable.5
00118684 R default_font_bin
00118e84 R default_font_bin_end
00118e84 00000030 r error_table
00118eb4 00000080 r archive_devoptab
00118f34 00000101 R _ctype_
0011915c 00000010 r zeroes.0
0011916c 00000010 r blanks.1
0011917c 0000006c R __action_table
001191e8 0000006c R __state_table
00119254 00000100 R __chclass
0011935c 0000000c r p05.0
00119368 00000028 R __mprec_bigtens
00119390 000000c8 R __mprec_tens
00119544 00000010 r zeroes.0
00119554 00000010 r blanks.1
00119564 00000080 R dotab_stdnull
001195e4 R __tdata_align
001195e8 r __EH_FRAME_BEGIN__
001195e8 R __exidx_end
001195e8 R __exidx_start
0011a000 00000001 d firstConsoleInit.0
0011a004 00000004 D currentConsole
0011a008 00000048 D defaultConsole
0011a050 00000004 d aptChainloadDeliverArgSize
0011a054 00000004 d kCount
0011a058 00000004 d kInterval
0011a05c 00000004 d kDelay
0011a060 W __stacksize__
0011a064 00000004 D _impure_ptr
0011a068 00000200 D _impure_data
0011a268 00000004 D __malloc_sbrk_base
0011a26c 00000004 D __malloc_trim_threshold
0011a270 00000408 D __malloc_av_
0011a678 0000000c D __sglue
0011a684 00000254 D __global_locale
0011a8d8 00000400 d _current_working_directory
0011acd8 00001000 d handles
0011bcd8 0000000c d __stderr_handle
0011bce4 0000000c d __stdout_handle
0011bcf0 0000000c d __stdin_handle
0011bcfc 0000008c D devoptab_list
0011bd88 00000004 d defaultDevice
0011bd94 d _GLOBAL_OFFSET_TABLE_
0011bda0 d __frame_dummy_init_array_entry
0011bda0 D __init_array_start
0011bda0 B __preinit_array_end
0011bda0 B __preinit_array_start
0011bda0 D __tdata_lma
0011bda0 D __tdata_lma_end
0011bda4 d __do_global_dtors_aux_fini_array_entry
0011bda4 D __fini_array_start
0011bda4 D __init_array_end
0011bda8 D __bss_start__
0011bda8 D __fini_array_end
0011bda8 b completed.1
0011bdac b object.0
0011bdc4 00000064 b escapeSeq
0011be28 00000048 B currentCopy
0011be70 00000004 b screenAlloc
0011be74 00000004 b screenFree
0011be78 00000002 b gfxIsDoubleBuf
0011be7c 00000002 b gfxCurBuf
0011be7e 00000001 b gfxIsVram
0011be7f 00000001 b gfxTopMode
0011be80 00000002 b gfxFramebufferFormats
0011be84 00000004 b gfxBottomFramebufferMaxSize
0011be88 00000004 b gfxTopFramebufferMaxSize
0011be90 00000008 b gfxBottomFramebuffers
0011be98 00000008 b gfxTopFramebuffers
0011bea0 00000001 b flagValue.0
0011bea1 00000001 b flagInit.1
0011bea4 00000004 b serviceName.6
0011bea8 00000001 b aptChainloadFlags
0011bea9 00000001 b aptChainloadMediatype
0011beac 00000020 b aptChainloadHmac
0011becc 00000300 b aptChainloadDeliverArg
0011c1d0 00000008 b aptChainloadTid
0011c1d8 00001000 b aptParameters
0011d1d8 00000004 b aptFlags
0011d1dc 00000001 b aptHomeButtonState
0011d1e0 00000004 b aptMessageFuncData
0011d1e4 00000004 b aptMessageFunc
0011d1e8 0000000c b aptFirstHook
0011d1f4 00000001 b aptEventHandlerThreadQuit
0011d1f8 00000004 b aptEventHandlerThread
0011d1fc 00000008 b aptSleepEvent
0011d204 00000008 b aptReceiveEvent
0011d20c 00000008 b aptEvents
0011d214 00000004 b aptLockHandle
0011d218 00000004 b aptRefCount
0011d21c 00000007 b gspEventCbOneShot
0011d224 0000001c b gspEventCbData
0011d240 0000001c b gspEventCb
0011d25c 00000038 b gspEvents
0011d294 00000004 b gspLastEvent
0011d298 00000001 b gspRunEvents
0011d29c 00000004 b gspEventThread
0011d2a0 00000004 b gspEvent
0011d2a4 00000001 b gspGpuRight
0011d2a5 00000001 b gspThreadId
0011d2a8 00000004 b gspSharedMem
0011d2ac 00000004 b gspSharedMemHandle
0011d2b0 00000004 b gspRefCount
0011d2b4 00000004 b gspGpuHandle
0011d2b8 00000001 b usingIrrst
0011d2bc 00000004 b hidRefCount
0011d2c0 00000006 b gRate
0011d2c8 00000006 b aVec
0011d2d0 00000004 b cPos
0011d2d4 00000004 b tPos
0011d2d8 00000004 b kRepeat
0011d2dc 00000004 b kUp
0011d2e0 00000004 b kDown
0011d2e4 00000004 b kHeld
0011d2e8 00000004 b kOld
0011d2ec 00000004 B hidSharedMem
0011d2f0 00000014 B hidEvents
0011d304 00000004 B hidMemHandle
0011d308 00000004 B hidHandle
0011d30c 00000004 b irrstRefCount
0011d310 00000004 b csPos
0011d314 00000004 b kHeld
0011d318 00000004 B irrstSharedMem
0011d31c 00000004 B irrstEvent
0011d320 00000004 B irrstMemHandle
0011d324 00000004 B irrstHandle
0011d328 00000004 B __system_retAddr
0011d32c 00000004 B __system_argv
0011d330 00000004 B __system_argc
0011d334 b saved_stack
0011d340 00000008 b sLinearPool
0011d348 0000000c b sAddrMap
0011d358 00000008 b sVramPoolB
0011d360 00000008 b sVramPoolA
0011d368 0000000c b sAddrMap
0011d374 00000004 B __3dslink_host
0011d378 00000001 V __ctru_speedup
0011d37c 00000004 b srvRefCount
0011d380 00000004 b srvHandle
0011d384 00000004 b arbiter
0011d388 00000004 b currentAddr
0011d38c 00000004 b maxAddr
0011d390 00000004 b minAddr
0011d394 00000004 b ptmSysmRefCount
0011d398 00000004 b ptmSysmHandle
0011d39c 00000004 b srvPmHandle
0011d3a0 00000004 V __ctru_linear_heap_size
0011d3a4 00000004 V __ctru_heap_size
0011d3a8 00000004 B __ctru_linear_heap
0011d3ac 00000004 B __ctru_heap
0011d3b0 000005c0 b archive_devices
0011d970 00000004 b archive_device_cwd
0011d974 00000001 b archive_initialized
0011d978 00000080 b fsExemptArchives
0011d9f8 00000004 b fsuRefCount
0011d9fc 00000004 b fsuHandle
0011da00 00000028 B __malloc_current_mallinfo
0011da28 00000004 B __malloc_max_total_mem
0011da2c 00000004 B __malloc_max_sbrked_mem
0011da30 00000004 B __malloc_top_pad
0011da34 0000000c b __sfp_recursive_mutex
0011da40 00000168 B __sf
0011dba8 00000004 B __stdio_exit_handler
0011dbac 0000000c b __malloc_recursive_mutex
0011dbb8 00000400 b temp_cwd
0011dfb8 00000004 b __hndl_lock
0011dfbc 00000004 B fake_heap_start
0011dfc0 00000004 B fake_heap_end
0011dfc4 00000004 b heap_start.0
0011dfc8 B __tls_start
0011ebd0 B __bss_end__
0011ebd0 A __end__
0011ebd0 B __tls_end
